                                     G D M A

                                 by Anthony Stone

                         version 2.2.11, 04 February 2015

               Distributed Multipoles from Gaussian wavefunctions


Starting at 16:26:45 on 15 May 2019 


Using SCF density matrix from file ../../my.fchk


                         Distributed Multipole Analysis

Standard DMA for products of primitives with exponent greater than 4.00000
Using 80-point Euler-MacLaurin radial quadrature
Using 590-point Lebedev quadrature
Becke smoothing parameter = 3

Positions and radii in angstrom
Multipole moments in atomic units, ea_0^k for rank k

C          x = -1.346377  y = -0.060108  z =  0.000151 angstrom
           Maximum rank =  1   Radius =  0.650 angstrom
                   Q00  =  -0.125082
|Q1| =   0.146545  Q10  =   0.000066  Q11c =   0.145499  Q11s =   0.017481

C          x =  0.202110  y =  0.002068  z = -0.001243 angstrom
           Maximum rank =  1   Radius =  0.650 angstrom
                   Q00  =   0.187147
|Q1| =   0.122967  Q10  =   0.000460  Q11c =   0.122966  Q11s =   0.000342

H          x = -1.702832  y = -1.094362  z =  0.000614 angstrom
           Maximum rank =  1   Radius =  0.325 angstrom
                   Q00  =   0.047295
|Q1| =   0.187190  Q10  =  -0.000054  Q11c =   0.136245  Q11s =   0.128364

H          x = -1.731829  y =  0.463772  z = -0.882006 angstrom
           Maximum rank =  1   Radius =  0.325 angstrom
                   Q00  =   0.051092
|Q1| =   0.183355  Q10  =   0.117379  Q11c =   0.128595  Q11s =  -0.057485

H          x = -1.730286  y =  0.464027  z =  0.882833 angstrom
           Maximum rank =  1   Radius =  0.325 angstrom
                   Q00  =   0.051281
|Q1| =   0.183220  Q10  =  -0.117449  Q11c =   0.128351  Q11s =  -0.057459

O          x =  0.813848  y = -1.110682  z =  0.000321 angstrom
           Maximum rank =  1   Radius =  0.650 angstrom
                   Q00  =  -0.607295
|Q1| =   0.574312  Q10  =  -0.000213  Q11c =  -0.207136  Q11s =   0.535658

O          x =  0.689970  y =  1.175032  z =  0.000318 angstrom
           Maximum rank =  1   Radius =  0.650 angstrom
                   Q00  =  -0.604437
|Q1| =   0.564635  Q10  =  -0.000258  Q11c =  -0.156649  Q11s =  -0.542470

Total multipoles referred to origin at
           x =   0.000000,  y =    0.000000,  z =    0.000000 angstrom
                   Q00  =  -0.999999
|Q1| =   1.521998  Q10  =  -0.000827  Q11c =  -1.521568  Q11s =  -0.036197

CPU time used:      0m35.772s          Total:      0m35.772s

Finished at 16:27:32 on 15 May 2019 
