                                     G D M A

                                 by Anthony Stone

                         version 2.2.11, 04 February 2015

               Distributed Multipoles from Gaussian wavefunctions


Starting at 16:26:41 on 15 May 2019 


Using SCF density matrix from file ../../mz.fchk


                         Distributed Multipole Analysis

Standard DMA for products of primitives with exponent greater than 4.00000
Using 80-point Euler-MacLaurin radial quadrature
Using 590-point Lebedev quadrature
Becke smoothing parameter = 3

Positions and radii in angstrom
Multipole moments in atomic units, ea_0^k for rank k

C          x = -1.346377  y = -0.060108  z =  0.000151 angstrom
           Maximum rank =  1   Radius =  0.650 angstrom
                   Q00  =  -0.124967
|Q1| =   0.146384  Q10  =   0.001820  Q11c =   0.145493  Q11s =   0.016016

C          x =  0.202110  y =  0.002068  z = -0.001243 angstrom
           Maximum rank =  1   Radius =  0.650 angstrom
                   Q00  =   0.187165
|Q1| =   0.122981  Q10  =   0.004277  Q11c =   0.122905  Q11s =   0.000692

H          x = -1.702832  y = -1.094362  z =  0.000614 angstrom
           Maximum rank =  1   Radius =  0.325 angstrom
                   Q00  =   0.049101
|Q1| =   0.185293  Q10  =   0.001148  Q11c =   0.135332  Q11s =   0.126560

H          x = -1.731829  y =  0.463772  z = -0.882006 angstrom
           Maximum rank =  1   Radius =  0.325 angstrom
                   Q00  =   0.048621
|Q1| =   0.185876  Q10  =   0.119360  Q11c =   0.129671  Q11s =  -0.059063

H          x = -1.730286  y =  0.464027  z =  0.882833 angstrom
           Maximum rank =  1   Radius =  0.325 angstrom
                   Q00  =   0.051971
|Q1| =   0.182490  Q10  =  -0.116059  Q11c =   0.128109  Q11s =  -0.058489

O          x =  0.813848  y = -1.110682  z =  0.000321 angstrom
           Maximum rank =  1   Radius =  0.650 angstrom
                   Q00  =  -0.603534
|Q1| =   0.568934  Q10  =   0.005602  Q11c =  -0.207010  Q11s =   0.529907

O          x =  0.689970  y =  1.175032  z =  0.000318 angstrom
           Maximum rank =  1   Radius =  0.650 angstrom
                   Q00  =  -0.608356
|Q1| =   0.570228  Q10  =   0.005528  Q11c =  -0.156719  Q11s =  -0.548241

Total multipoles referred to origin at
           x =   0.000000,  y =    0.000000,  z =    0.000000 angstrom
                   Q00  =  -0.999999
|Q1| =   1.523330  Q10  =   0.026191  Q11c =  -1.521249  Q11s =  -0.075149

CPU time used:      0m35.952s          Total:      0m35.952s

Finished at 16:27:28 on 15 May 2019 
