                                     G D M A

                                 by Anthony Stone

                         version 2.2.11, 04 February 2015

               Distributed Multipoles from Gaussian wavefunctions


Starting at 16:26:35 on 15 May 2019 


Using SCF density matrix from file ../../y.fchk


                         Distributed Multipole Analysis

Standard DMA for products of primitives with exponent greater than 4.00000
Using 80-point Euler-MacLaurin radial quadrature
Using 590-point Lebedev quadrature
Becke smoothing parameter = 3

Positions and radii in angstrom
Multipole moments in atomic units, ea_0^k for rank k

C          x = -1.346377  y = -0.060108  z =  0.000151 angstrom
           Maximum rank =  1   Radius =  0.650 angstrom
                   Q00  =  -0.124852
|Q1| =   0.146216  Q10  =   0.000066  Q11c =   0.145491  Q11s =   0.014544

C          x =  0.202110  y =  0.002068  z = -0.001243 angstrom
           Maximum rank =  1   Radius =  0.650 angstrom
                   Q00  =   0.187196
|Q1| =   0.122853  Q10  =   0.000460  Q11c =   0.122848  Q11s =   0.001042

H          x = -1.702832  y = -1.094362  z =  0.000614 angstrom
           Maximum rank =  1   Radius =  0.325 angstrom
                   Q00  =   0.050900
|Q1| =   0.183402  Q10  =  -0.000054  Q11c =   0.134421  Q11s =   0.124768

H          x = -1.731829  y =  0.463772  z = -0.882006 angstrom
           Maximum rank =  1   Radius =  0.325 angstrom
                   Q00  =   0.049312
|Q1| =   0.185142  Q10  =   0.117954  Q11c =   0.129429  Q11s =  -0.060106

H          x = -1.730286  y =  0.464027  z =  0.882833 angstrom
           Maximum rank =  1   Radius =  0.325 angstrom
                   Q00  =   0.049501
|Q1| =   0.185007  Q10  =  -0.118025  Q11c =   0.129184  Q11s =  -0.060078

O          x =  0.813848  y = -1.110682  z =  0.000321 angstrom
           Maximum rank =  1   Radius =  0.650 angstrom
                   Q00  =  -0.599776
|Q1| =   0.563543  Q10  =  -0.000216  Q11c =  -0.206875  Q11s =   0.524198

O          x =  0.689970  y =  1.175032  z =  0.000318 angstrom
           Maximum rank =  1   Radius =  0.650 angstrom
                   Q00  =  -0.612280
|Q1| =   0.575815  Q10  =  -0.000256  Q11c =  -0.156772  Q11s =  -0.554063

Total multipoles referred to origin at
           x =   0.000000,  y =    0.000000,  z =    0.000000 angstrom
                   Q00  =  -0.999999
|Q1| =   1.525175  Q10  =  -0.000826  Q11c =  -1.520899  Q11s =  -0.114119

CPU time used:      0m35.772s          Total:      0m35.772s

Finished at 16:27:21 on 15 May 2019 
