                                     G D M A

                                 by Anthony Stone

                         version 2.2.11, 04 February 2015

               Distributed Multipoles from Gaussian wavefunctions


Starting at 16:47:5 on 15 May 2019  


Using MP2 density matrix from file ../../mx.fchk


                         Distributed Multipole Analysis

Standard DMA for products of primitives with exponent greater than 4.00000
Using 80-point Euler-MacLaurin radial quadrature
Using 590-point Lebedev quadrature
Becke smoothing parameter = 3

Positions and radii in angstrom
Multipole moments in atomic units, ea_0^k for rank k

C          x = -1.346377  y = -0.060108  z =  0.000151 angstrom
           Maximum rank =  1   Radius =  0.650 angstrom
                   Q00  =  -0.121188
|Q1| =   0.148351  Q10  =   0.000054  Q11c =   0.147490  Q11s =   0.015954

C          x =  0.202110  y =  0.002068  z = -0.001243 angstrom
           Maximum rank =  1   Radius =  0.650 angstrom
                   Q00  =   0.170726
|Q1| =   0.123226  Q10  =   0.000615  Q11c =   0.123220  Q11s =   0.001082

H          x = -1.702832  y = -1.094362  z =  0.000614 angstrom
           Maximum rank =  1   Radius =  0.325 angstrom
                   Q00  =   0.043044
|Q1| =   0.196715  Q10  =  -0.000059  Q11c =   0.143876  Q11s =   0.134151

H          x = -1.731829  y =  0.463772  z = -0.882006 angstrom
           Maximum rank =  1   Radius =  0.325 angstrom
                   Q00  =   0.044367
|Q1| =   0.195434  Q10  =   0.123638  Q11c =   0.137857  Q11s =  -0.062476

H          x = -1.730286  y =  0.464027  z =  0.882833 angstrom
           Maximum rank =  1   Radius =  0.325 angstrom
                   Q00  =   0.044556
|Q1| =   0.195288  Q10  =  -0.123715  Q11c =   0.137596  Q11s =  -0.062446

O          x =  0.813848  y = -1.110682  z =  0.000321 angstrom
           Maximum rank =  1   Radius =  0.650 angstrom
                   Q00  =  -0.587851
|Q1| =   0.589021  Q10  =  -0.000149  Q11c =  -0.219411  Q11s =   0.546631

O          x =  0.689970  y =  1.175032  z =  0.000318 angstrom
           Maximum rank =  1   Radius =  0.650 angstrom
                   Q00  =  -0.593653
|Q1| =   0.591746  Q10  =  -0.000182  Q11c =  -0.166437  Q11s =  -0.567857

Total multipoles referred to origin at
           x =   0.000000,  y =    0.000000,  z =    0.000000 angstrom
                   Q00  =  -0.999999
|Q1| =   1.431804  Q10  =  -0.000511  Q11c =  -1.429788  Q11s =  -0.075961

CPU time used:      0m35.792s          Total:      0m35.792s

Finished at 16:47:55 on 15 May 2019 
