                                     G D M A

                                 by Anthony Stone

                         version 2.2.11, 04 February 2015

               Distributed Multipoles from Gaussian wavefunctions


Starting at 16:47:1 on 15 May 2019  


Using MP2 density matrix from file ../../mz.fchk


                         Distributed Multipole Analysis

Standard DMA for products of primitives with exponent greater than 4.00000
Using 80-point Euler-MacLaurin radial quadrature
Using 590-point Lebedev quadrature
Becke smoothing parameter = 3

Positions and radii in angstrom
Multipole moments in atomic units, ea_0^k for rank k

C          x = -1.346377  y = -0.060108  z =  0.000151 angstrom
           Maximum rank =  1   Radius =  0.650 angstrom
                   Q00  =  -0.120756
|Q1| =   0.146178  Q10  =   0.001790  Q11c =   0.145293  Q11s =   0.015960

C          x =  0.202110  y =  0.002068  z = -0.001243 angstrom
           Maximum rank =  1   Radius =  0.650 angstrom
                   Q00  =   0.170868
|Q1| =   0.122982  Q10  =   0.004665  Q11c =   0.122890  Q11s =   0.000991

H          x = -1.702832  y = -1.094362  z =  0.000614 angstrom
           Maximum rank =  1   Radius =  0.325 angstrom
                   Q00  =   0.044290
|Q1| =   0.194600  Q10  =   0.001171  Q11c =   0.141792  Q11s =   0.133277

H          x = -1.731829  y =  0.463772  z = -0.882006 angstrom
           Maximum rank =  1   Radius =  0.325 angstrom
                   Q00  =   0.044086
|Q1| =   0.195042  Q10  =   0.124706  Q11c =   0.136414  Q11s =  -0.062299

H          x = -1.730286  y =  0.464027  z =  0.882833 angstrom
           Maximum rank =  1   Radius =  0.325 angstrom
                   Q00  =   0.047442
|Q1| =   0.191560  Q10  =  -0.121331  Q11c =   0.134784  Q11s =  -0.061705

O          x =  0.813848  y = -1.110682  z =  0.000321 angstrom
           Maximum rank =  1   Radius =  0.650 angstrom
                   Q00  =  -0.590297
|Q1| =   0.591510  Q10  =   0.006115  Q11c =  -0.226005  Q11s =   0.546597

O          x =  0.689970  y =  1.175032  z =  0.000318 angstrom
           Maximum rank =  1   Radius =  0.650 angstrom
                   Q00  =  -0.595631
|Q1| =   0.593640  Q10  =   0.006037  Q11c =  -0.173139  Q11s =  -0.567799

Total multipoles referred to origin at
           x =   0.000000,  y =    0.000000,  z =    0.000000 angstrom
                   Q00  =  -0.999999
|Q1| =   1.474060  Q10  =   0.027721  Q11c =  -1.471860  Q11s =  -0.075575

CPU time used:      0m35.976s          Total:      0m35.976s

Finished at 16:47:52 on 15 May 2019 
