                                     G D M A

                                 by Anthony Stone

                         version 2.2.11, 04 February 2015

               Distributed Multipoles from Gaussian wavefunctions


Starting at 16:46:58 on 15 May 2019 


Using MP2 density matrix from file ../../y.fchk


                         Distributed Multipole Analysis

Standard DMA for products of primitives with exponent greater than 4.00000
Using 80-point Euler-MacLaurin radial quadrature
Using 590-point Lebedev quadrature
Becke smoothing parameter = 3

Positions and radii in angstrom
Multipole moments in atomic units, ea_0^k for rank k

C          x = -1.346377  y = -0.060108  z =  0.000151 angstrom
           Maximum rank =  1   Radius =  0.650 angstrom
                   Q00  =  -0.120642
|Q1| =   0.146013  Q10  =   0.000054  Q11c =   0.145291  Q11s =   0.014501

C          x =  0.202110  y =  0.002068  z = -0.001243 angstrom
           Maximum rank =  1   Radius =  0.650 angstrom
                   Q00  =   0.170908
|Q1| =   0.122838  Q10  =   0.000616  Q11c =   0.122829  Q11s =   0.001338

H          x = -1.702832  y = -1.094362  z =  0.000614 angstrom
           Maximum rank =  1   Radius =  0.325 angstrom
                   Q00  =   0.046090
|Q1| =   0.192649  Q10  =  -0.000058  Q11c =   0.140845  Q11s =   0.131439

H          x = -1.731829  y =  0.463772  z = -0.882006 angstrom
           Maximum rank =  1   Radius =  0.325 angstrom
                   Q00  =   0.044783
|Q1| =   0.194289  Q10  =   0.123265  Q11c =   0.136161  Q11s =  -0.063357

H          x = -1.730286  y =  0.464027  z =  0.882833 angstrom
           Maximum rank =  1   Radius =  0.325 angstrom
                   Q00  =   0.044970
|Q1| =   0.194148  Q10  =  -0.123343  Q11c =   0.135903  Q11s =  -0.063327

O          x =  0.813848  y = -1.110682  z =  0.000321 angstrom
           Maximum rank =  1   Radius =  0.650 angstrom
                   Q00  =  -0.586178
|Q1| =   0.585622  Q10  =  -0.000151  Q11c =  -0.225776  Q11s =   0.540351

O          x =  0.689970  y =  1.175032  z =  0.000318 angstrom
           Maximum rank =  1   Radius =  0.650 angstrom
                   Q00  =  -0.599930
|Q1| =   0.599771  Q10  =  -0.000181  Q11c =  -0.173275  Q11s =  -0.574196

Total multipoles referred to origin at
           x =   0.000000,  y =    0.000000,  z =    0.000000 angstrom
                   Q00  =  -0.999999
|Q1| =   1.476118  Q10  =  -0.000515  Q11c =  -1.471447  Q11s =  -0.117333

CPU time used:      0m36.496s          Total:      0m36.496s

Finished at 16:47:49 on 15 May 2019 
